app/build/intermediates/manifest_merge_blame_file/debug/manifest-merger-blame-debug-report.txt
1<?xml version="1.0" encoding="utf-8"?>
2<manifest xmlns:android="http://schemas.android.com/apk/res/android"
3    package="com.lecturador.android.applecturador"
4    android:versionCode="2"
5    android:versionName="1.1" >
6
7    <uses-sdk
8        android:minSdkVersion="16"
8-->src\main\AndroidManifest.xml
9        android:targetSdkVersion="16" />
9-->src\main\AndroidManifest.xml
10
11    <uses-permission android:name="android.permission.BLUETOOTH_CONNECT" />
11-->src\main\AndroidManifest.xml:5:5-76
11-->src\main\AndroidManifest.xml:5:22-73
12    <uses-permission android:name="android.permission.BLUETOOTH_CONNECT" />
12-->src\main\AndroidManifest.xml:5:5-76
12-->src\main\AndroidManifest.xml:5:22-73
13    <uses-permission android:name="android.permission.BLUETOOTH_CONNECT" />
13-->src\main\AndroidManifest.xml:5:5-76
13-->src\main\AndroidManifest.xml:5:22-73
14    <uses-permission android:name="android.permission.BLUETOOTH_CONNECT" />
14-->src\main\AndroidManifest.xml:5:5-76
14-->src\main\AndroidManifest.xml:5:22-73
15    <uses-permission android:name="android.permission.INTERNET" />
15-->src\main\AndroidManifest.xml:9:5-67
15-->src\main\AndroidManifest.xml:9:22-64
16    <uses-permission android:name="android.permission.ACCESS_NETWORK_STATE" />
16-->src\main\AndroidManifest.xml:10:5-79
16-->src\main\AndroidManifest.xml:10:22-76
17    <uses-permission android:name="android.permission.ACCESS_FINE_LOCATION" />
17-->src\main\AndroidManifest.xml:11:5-79
17-->src\main\AndroidManifest.xml:11:22-76
18    <uses-permission android:name="android.permission.WRITE_EXTERNAL_STORAGE" />
18-->src\main\AndroidManifest.xml:12:5-81
18-->src\main\AndroidManifest.xml:12:22-78
19    <uses-permission android:name="android.permission.ACCESS_COARSE_LOCATION" />
19-->src\main\AndroidManifest.xml:13:5-81
19-->src\main\AndroidManifest.xml:13:22-78
20    <uses-permission android:name="android.permission.BLUETOOTH_ADMIN" />
20-->src\main\AndroidManifest.xml:14:5-74
20-->src\main\AndroidManifest.xml:14:22-71
21    <uses-permission android:name="android.permission.BLUETOOTH" />
21-->src\main\AndroidManifest.xml:15:5-68
21-->src\main\AndroidManifest.xml:15:22-65
22    <uses-permission android:name="android.permission.BLUETOOTH_CONNECT" />
22-->src\main\AndroidManifest.xml:5:5-76
22-->src\main\AndroidManifest.xml:5:22-73
23    <uses-permission android:name="android.permission.BLUETOOTH_ADVERTISE" />
23-->src\main\AndroidManifest.xml:17:5-78
23-->src\main\AndroidManifest.xml:17:22-75
24    <uses-permission android:name="android.permission.BLUETOOTH_SCAN" />
24-->src\main\AndroidManifest.xml:18:5-73
24-->src\main\AndroidManifest.xml:18:22-70
25    <uses-permission android:name="android.permission.SYSTEM_ALERT_WINDOW" />
25-->src\main\AndroidManifest.xml:19:5-78
25-->src\main\AndroidManifest.xml:19:22-75
26    <uses-permission android:name="android.permission.ACCESS_LOCATION_EXTRA_COMMANDS" />
26-->src\main\AndroidManifest.xml:20:5-89
26-->src\main\AndroidManifest.xml:20:22-86
27
28    <supports-screens
28-->src\main\AndroidManifest.xml:22:5-28:40
29        android:anyDensity="true"
29-->src\main\AndroidManifest.xml:23:9-34
30        android:largeScreens="true"
30-->src\main\AndroidManifest.xml:24:9-36
31        android:normalScreens="true"
31-->src\main\AndroidManifest.xml:25:9-37
32        android:resizeable="true"
32-->src\main\AndroidManifest.xml:26:9-34
33        android:smallScreens="true"
33-->src\main\AndroidManifest.xml:27:9-36
34        android:xlargeScreens="true" />
34-->src\main\AndroidManifest.xml:28:9-37
35
36    <application
36-->src\main\AndroidManifest.xml:30:5-123:19
37        android:allowBackup="true"
37-->src\main\AndroidManifest.xml:31:9-35
38        android:appComponentFactory="android.support.v4.app.CoreComponentFactory"
38-->[com.android.support:support-compat:28.0.0] AndroidManifest.xml:22:18-91
39        android:debuggable="true"
40        android:icon="@mipmap/ic_launcher"
40-->src\main\AndroidManifest.xml:32:9-43
41        android:label="@string/app_name"
41-->src\main\AndroidManifest.xml:33:9-41
42        android:testOnly="true"
43        android:theme="@style/AppTheme"
43-->src\main\AndroidManifest.xml:34:9-40
44        android:usesCleartextTraffic="true" >
44-->src\main\AndroidManifest.xml:35:9-44
45        <activity
45-->src\main\AndroidManifest.xml:36:9-43:20
46            android:name="com.lecturador.android.applecturador.EditarLectura"
46-->src\main\AndroidManifest.xml:37:13-42
47            android:label="@string/title_activity_editar_lectura"
47-->src\main\AndroidManifest.xml:38:13-66
48            android:parentActivityName="com.lecturador.android.applecturador.ListaMedidores" >
48-->src\main\AndroidManifest.xml:39:13-57
49            <meta-data
49-->src\main\AndroidManifest.xml:40:13-42:51
50                android:name="android.support.PARENT_ACTIVITY"
50-->src\main\AndroidManifest.xml:41:17-63
51                android:value=".ListaMedidores" />
51-->src\main\AndroidManifest.xml:42:17-48
52        </activity>
53        <activity
53-->src\main\AndroidManifest.xml:44:9-53:20
54            android:name="com.lecturador.android.applecturador.MenuPrincipal"
54-->src\main\AndroidManifest.xml:45:13-42
55            android:exported="true"
55-->src\main\AndroidManifest.xml:46:13-36
56            android:label="@string/app_name" >
56-->src\main\AndroidManifest.xml:47:13-45
57            <intent-filter>
57-->src\main\AndroidManifest.xml:48:13-52:29
58                <action android:name="android.intent.action.MAIN" />
58-->src\main\AndroidManifest.xml:49:17-69
58-->src\main\AndroidManifest.xml:49:25-66
59
60                <category android:name="android.intent.category.LAUNCHER" />
60-->src\main\AndroidManifest.xml:51:17-77
60-->src\main\AndroidManifest.xml:51:27-74
61            </intent-filter>
62        </activity>
63        <activity
63-->src\main\AndroidManifest.xml:54:9-61:20
64            android:name="com.lecturador.android.applecturador.ListaMedidores"
64-->src\main\AndroidManifest.xml:55:13-43
65            android:label="@string/title_activity_lista_medidores"
65-->src\main\AndroidManifest.xml:56:13-67
66            android:parentActivityName="com.lecturador.android.applecturador.MenuPrincipal" >
66-->src\main\AndroidManifest.xml:57:13-56
67            <meta-data
67-->src\main\AndroidManifest.xml:40:13-42:51
68                android:name="android.support.PARENT_ACTIVITY"
68-->src\main\AndroidManifest.xml:41:17-63
69                android:value=".MenuPrincipal" />
69-->src\main\AndroidManifest.xml:42:17-48
70        </activity>
71        <activity
71-->src\main\AndroidManifest.xml:62:9-69:20
72            android:name="com.lecturador.android.applecturador.RealizarLecturacion"
72-->src\main\AndroidManifest.xml:63:13-48
73            android:label="@string/title_activity_realizar_lecturacion"
73-->src\main\AndroidManifest.xml:64:13-72
74            android:parentActivityName="com.lecturador.android.applecturador.ListaMedidores" >
74-->src\main\AndroidManifest.xml:65:13-57
75            <meta-data
75-->src\main\AndroidManifest.xml:40:13-42:51
76                android:name="android.support.PARENT_ACTIVITY"
76-->src\main\AndroidManifest.xml:41:17-63
77                android:value=".ListaMedidores" />
77-->src\main\AndroidManifest.xml:42:17-48
78        </activity>
79        <activity
79-->src\main\AndroidManifest.xml:70:9-72:76
80            android:name="com.lecturador.android.applecturador.LecturacionBluetooth"
80-->src\main\AndroidManifest.xml:71:13-49
81            android:label="@string/title_activity_lecturacion_bluetooth" />
81-->src\main\AndroidManifest.xml:72:13-73
82        <activity
82-->src\main\AndroidManifest.xml:73:9-81:20
83            android:name="com.lecturador.android.applecturador.AjustsActivity"
83-->src\main\AndroidManifest.xml:74:13-43
84            android:label="@string/title_activity_ajusts"
84-->src\main\AndroidManifest.xml:75:13-58
85            android:parentActivityName="com.lecturador.android.applecturador.MenuPrincipal"
85-->src\main\AndroidManifest.xml:76:13-56
86            android:theme="@style/AppTheme.NoActionBar" >
86-->src\main\AndroidManifest.xml:77:13-56
87            <meta-data
87-->src\main\AndroidManifest.xml:40:13-42:51
88                android:name="android.support.PARENT_ACTIVITY"
88-->src\main\AndroidManifest.xml:41:17-63
89                android:value=".MenuPrincipal" />
89-->src\main\AndroidManifest.xml:42:17-48
90        </activity>
91        <activity
91-->src\main\AndroidManifest.xml:82:9-89:20
92            android:name="com.lecturador.android.applecturador.DownloadActivity"
92-->src\main\AndroidManifest.xml:83:13-45
93            android:label="@string/title_activity_download"
93-->src\main\AndroidManifest.xml:84:13-60
94            android:parentActivityName="com.lecturador.android.applecturador.MenuPrincipal" >
94-->src\main\AndroidManifest.xml:85:13-56
95            <meta-data
95-->src\main\AndroidManifest.xml:40:13-42:51
96                android:name="android.support.PARENT_ACTIVITY"
96-->src\main\AndroidManifest.xml:41:17-63
97                android:value=".MenuPrincipal" />
97-->src\main\AndroidManifest.xml:42:17-48
98        </activity>
99        <!--
100 ATTENTION: This was auto-generated to add Google Play services to your project for
101     App Indexing.  See https://g.co/AppIndexing/AndroidStudio for more information.
102
103        <meta-data
104            android:name="com.google.android.gms.version"
105            android:value="@integer/google_play_services_version" />
106        -->
107        <activity
107-->src\main\AndroidManifest.xml:98:9-106:20
108            android:name="com.lecturador.android.applecturador.SyncActivity"
108-->src\main\AndroidManifest.xml:99:13-41
109            android:label="@string/title_activity_sync"
109-->src\main\AndroidManifest.xml:100:13-56
110            android:parentActivityName="com.lecturador.android.applecturador.MenuPrincipal"
110-->src\main\AndroidManifest.xml:101:13-56
111            android:theme="@style/AppTheme.NoActionBar" >
111-->src\main\AndroidManifest.xml:102:13-56
112            <meta-data
112-->src\main\AndroidManifest.xml:40:13-42:51
113                android:name="android.support.PARENT_ACTIVITY"
113-->src\main\AndroidManifest.xml:41:17-63
114                android:value=".MenuPrincipal" />
114-->src\main\AndroidManifest.xml:42:17-48
115        </activity>
116        <activity
116-->src\main\AndroidManifest.xml:107:9-114:20
117            android:name="com.lecturador.android.applecturador.AjustesActivity"
117-->src\main\AndroidManifest.xml:108:13-44
118            android:label="@string/title_activity_ajustes"
118-->src\main\AndroidManifest.xml:109:13-59
119            android:parentActivityName="com.lecturador.android.applecturador.MenuPrincipal" >
119-->src\main\AndroidManifest.xml:110:13-56
120            <meta-data
120-->src\main\AndroidManifest.xml:40:13-42:51
121                android:name="android.support.PARENT_ACTIVITY"
121-->src\main\AndroidManifest.xml:41:17-63
122                android:value=".MenuPrincipal" />
122-->src\main\AndroidManifest.xml:42:17-48
123        </activity>
124        <activity
124-->src\main\AndroidManifest.xml:115:9-122:20
125            android:name="com.lecturador.android.applecturador.ReImprimir"
125-->src\main\AndroidManifest.xml:116:13-39
126            android:label="@string/title_activity_reprint"
126-->src\main\AndroidManifest.xml:117:13-59
127            android:parentActivityName="com.lecturador.android.applecturador.ListaMedidores" >
127-->src\main\AndroidManifest.xml:118:13-57
128            <meta-data
128-->src\main\AndroidManifest.xml:40:13-42:51
129                android:name="android.support.PARENT_ACTIVITY"
129-->src\main\AndroidManifest.xml:41:17-63
130                android:value=".ListaMedidores" />
130-->src\main\AndroidManifest.xml:42:17-48
131        </activity>
132    </application>
133
134</manifest>